<?xml version="1.0" encoding="UTF-8"?>
<!-- Generated by org.testng.reporters.JUnitReportReporter -->
<testsuite hostname="Tester" name="com.qa.tests.RestTest" tests="3" failures="0" timestamp="27 Apr 2020 13:03:28 GMT" time="2.497" errors="0">
  <testcase name="getHeaderResponce" time="0.005" classname="com.qa.tests.RestTest"/>
  <testcase name="getResponcestatusCode" time="2.473" classname="com.qa.tests.RestTest"/>
  <testcase name="getJsonResponce" time="0.019" classname="com.qa.tests.RestTest"/>
</testsuite> <!-- com.qa.tests.RestTest -->
