<?xml version="1.0" encoding="UTF-8"?>
<!-- Generated by org.testng.reporters.JUnitReportReporter -->
<testsuite hostname="Tester" name="com.qa.tests.POST_API_Test" tests="1" failures="0" timestamp="27 Apr 2020 20:22:01 GMT" time="1.977" errors="0">
  <testcase name="postApiTest" time="1.977" classname="com.qa.tests.POST_API_Test"/>
</testsuite> <!-- com.qa.tests.POST_API_Test -->
