<?xml version="1.0" encoding="UTF-8"?>
<!-- Generated by org.testng.reporters.JUnitReportReporter -->
<testsuite hostname="Tester" name="com.qa.tests.RestTest" tests="1" failures="0" timestamp="27 Apr 2020 10:39:40 GMT" time="1.730" errors="0">
  <testcase name="getResponce" time="1.730" classname="com.qa.tests.RestTest"/>
</testsuite> <!-- com.qa.tests.RestTest -->
