<?xml version="1.0" encoding="UTF-8"?>
<!-- Generated by org.testng.reporters.JUnitReportReporter -->
<testsuite hostname="Tester" name="com.qa.tests.GetApiTest" tests="1" failures="0" timestamp="26 Apr 2020 18:53:35 GMT" time="2.910" errors="0">
  <testcase name="gettest" time="2.910" classname="com.qa.tests.GetApiTest"/>
</testsuite> <!-- com.qa.tests.GetApiTest -->
